2023-03-29 09:03:24.070 INFO  (main) [] o.e.j.u.log Logging initialized @1732ms to org.eclipse.jetty.util.log.Slf4jLog
2023-03-29 09:03:24.413 INFO  (main) [] o.e.j.s.Server jetty-9.4.48.v20220622; built: 2022-06-21T20:42:25.880Z; git: 6b67c5719d1f4371b33655ff2d047d24e171e49a; jvm 15+36-1562
2023-03-29 09:03:24.910 INFO  (main) [] o.a.s.s.CoreContainerProvider Using logger factory org.apache.logging.slf4j.Log4jLoggerFactory
2023-03-29 09:03:24.923 INFO  (main) [] o.a.s.s.CoreContainerProvider  ___      _       Welcome to Apache Solr™ version 9.1.1
2023-03-29 09:03:24.924 INFO  (main) [] o.a.s.s.CoreContainerProvider / __| ___| |_ _   Starting in standalone mode on port 8983
2023-03-29 09:03:24.924 INFO  (main) [] o.a.s.s.CoreContainerProvider \__ \/ _ \ | '_|  Install dir: /Users/bob/Documents/school/CZ4034/solr-9.1.1
2023-03-29 09:03:24.924 INFO  (main) [] o.a.s.s.CoreContainerProvider |___/\___/_|_|    Start time: 2023-03-29T09:03:24.924660Z
2023-03-29 09:03:24.945 INFO  (main) [] o.a.s.s.CoreContainerProvider Solr Home: /Users/bob/Documents/school/CZ4034/solr-9.1.1/server/solr (source: system property: solr.solr.home)
2023-03-29 09:03:24.948 INFO  (main) [] o.a.s.c.SolrXmlConfig Loading solr.xml from /Users/bob/Documents/school/CZ4034/solr-9.1.1/server/solr/solr.xml
2023-03-29 09:03:25.065 INFO  (main) [] o.a.s.c.SolrResourceLoader Added 1 libs to classloader, from paths: [/Users/bob/Documents/school/CZ4034/solr-9.1.1/lib]
2023-03-29 09:03:26.629 WARN  (main) [] o.a.s.u.StartupLoggingUtils Jetty request logging enabled. Will retain logs for last 3 days. See chapter "Configuring Logging" in reference guide for how to configure.
2023-03-29 09:03:26.633 WARN  (main) [] o.a.s.c.CoreContainer Not all security plugins configured!  authentication=disabled authorization=disabled.  Solr is only as secure as you make it. Consider configuring authentication/authorization before exposing Solr to users internal or external.  See https://s.apache.org/solrsecurity for more info
2023-03-29 09:03:27.021 INFO  (main) [] o.a.s.c.CorePropertiesLocator Found 1 core definitions underneath /Users/bob/Documents/school/CZ4034/solr-9.1.1/server/solr
2023-03-29 09:03:27.023 INFO  (main) [] o.a.s.c.CorePropertiesLocator Cores are: [new_core]
2023-03-29 09:03:27.033 INFO  (coreLoadExecutor-10-thread-1) [] o.a.s.c.TransientSolrCoreCacheDefault Allocating transient core cache for max 2147483647 cores with initial capacity of 1024
2023-03-29 09:03:27.144 INFO  (coreLoadExecutor-10-thread-1) [ x:new_core] o.a.s.c.SolrConfig Using Lucene MatchVersion: 9.3.0
2023-03-29 09:03:27.188 INFO  (main) [] o.e.j.s.h.ContextHandler Started o.e.j.w.WebAppContext@1849db1a{/solr,file:///Users/bob/Documents/school/CZ4034/solr-9.1.1/server/solr-webapp/webapp/,AVAILABLE}{/Users/bob/Documents/school/CZ4034/solr-9.1.1/server/solr-webapp/webapp}
2023-03-29 09:03:27.209 INFO  (main) [] o.e.j.s.RequestLogWriter Opened /Users/bob/Documents/school/CZ4034/solr-9.1.1/server/logs/2023_03_29.request.log
2023-03-29 09:03:27.218 INFO  (main) [] o.e.j.s.AbstractConnector Started ServerConnector@1ae67cad{HTTP/1.1, (http/1.1, h2c)}{127.0.0.1:8983}
2023-03-29 09:03:27.218 INFO  (main) [] o.e.j.s.Server Started @4882ms
2023-03-29 09:03:27.351 INFO  (coreLoadExecutor-10-thread-1) [ x:new_core] o.a.s.s.IndexSchema Schema name=default-config
2023-03-29 09:03:27.734 INFO  (coreLoadExecutor-10-thread-1) [ x:new_core] o.a.s.s.IndexSchema Loaded schema default-config/1.6 with uniqueid field id
2023-03-29 09:03:27.735 INFO  (coreLoadExecutor-10-thread-1) [ x:new_core] o.a.s.c.CoreContainer Creating SolrCore 'new_core' using configuration from instancedir /Users/bob/Documents/school/CZ4034/solr-9.1.1/server/solr/new_core, trusted=true
2023-03-29 09:03:27.798 INFO  (coreLoadExecutor-10-thread-1) [ x:new_core] o.a.s.c.SolrCore Opening new SolrCore at [/Users/bob/Documents/school/CZ4034/solr-9.1.1/server/solr/new_core], dataDir=[/Users/bob/Documents/school/CZ4034/solr-9.1.1/server/solr/new_core/data/]
2023-03-29 09:03:28.757 INFO  (coreLoadExecutor-10-thread-1) [ x:new_core] o.a.s.u.UpdateHandler Using UpdateLog implementation: org.apache.solr.update.UpdateLog
2023-03-29 09:03:28.757 INFO  (coreLoadExecutor-10-thread-1) [ x:new_core] o.a.s.u.UpdateLog Initializing UpdateLog: dataDir= defaultSyncLevel=FLUSH numRecordsToKeep=100 maxNumLogsToKeep=10 numVersionBuckets=65536
2023-03-29 09:03:28.791 INFO  (coreLoadExecutor-10-thread-1) [ x:new_core] o.a.s.u.CommitTracker Hard AutoCommit: if uncommitted for 15000ms; 
2023-03-29 09:03:28.792 INFO  (coreLoadExecutor-10-thread-1) [ x:new_core] o.a.s.u.CommitTracker Soft AutoCommit: disabled
2023-03-29 09:03:28.948 INFO  (qtp1455695758-18) [] o.a.s.s.HttpSolrCall [admin] webapp=null path=/admin/cores params={indexInfo=false&wt=json&_=1680080608875} status=0 QTime=34
2023-03-29 09:03:28.979 INFO  (qtp1455695758-19) [] o.a.s.s.HttpSolrCall [admin] webapp=null path=/admin/info/system params={wt=json&_=1680080608875} status=0 QTime=60
2023-03-29 09:03:29.102 INFO  (coreLoadExecutor-10-thread-1) [ x:new_core] o.a.s.r.ManagedResourceStorage File-based storage initialized to use dir: /Users/bob/Documents/school/CZ4034/solr-9.1.1/server/solr/new_core/conf
2023-03-29 09:03:29.166 INFO  (coreLoadExecutor-10-thread-1) [ x:new_core] o.a.s.s.DirectSolrSpellChecker init: {accuracy=0.5, maxQueryFrequency=0.01, name=default, field=_text_, classname=solr.DirectSolrSpellChecker, distanceMeasure=internal, maxEdits=2, minPrefix=1, maxInspections=5, minQueryLength=4}
2023-03-29 09:03:29.244 INFO  (coreLoadExecutor-10-thread-1) [ x:new_core] o.a.s.h.ReplicationHandler Commits will be reserved for 10000 ms
2023-03-29 09:03:29.301 INFO  (searcherExecutor-12-thread-1-processing-new_core) [ x:new_core] o.a.s.c.QuerySenderListener QuerySenderListener done.
2023-03-29 09:03:29.303 INFO  (searcherExecutor-12-thread-1-processing-new_core) [ x:new_core] o.a.s.h.c.SpellCheckComponent Loading spell index for spellchecker: default
2023-03-29 09:03:29.343 INFO  (searcherExecutor-12-thread-1-processing-new_core) [ x:new_core] o.a.s.c.SolrCore Registered new searcher autowarm time: 0 ms
2023-03-29 09:03:32.019 INFO  (qtp1455695758-41) [] o.a.s.s.HttpSolrCall [admin] webapp=null path=/admin/cores params={indexInfo=false&wt=json&_=1680080608875} status=0 QTime=7
2023-03-29 09:03:32.044 INFO  (qtp1455695758-20) [] o.a.s.s.HttpSolrCall [admin] webapp=null path=/admin/cores params={wt=json&_=1680080608875} status=0 QTime=41
2023-03-29 09:03:32.054 INFO  (qtp1455695758-25) [] o.a.s.s.HttpSolrCall [admin] webapp=null path=/admin/info/system params={wt=json&_=1680080608875} status=0 QTime=47
2023-03-29 09:03:32.077 INFO  (qtp1455695758-23) [] o.a.s.s.HttpSolrCall [admin] webapp=null path=/admin/cores params={indexInfo=false&wt=json&_=1680080608875} status=0 QTime=0
2023-03-29 09:03:32.081 INFO  (qtp1455695758-22) [] o.a.s.s.HttpSolrCall [admin] webapp=null path=/admin/cores params={wt=json&_=1680080608875} status=0 QTime=3
2023-03-29 09:03:32.085 INFO  (qtp1455695758-26) [] o.a.s.s.HttpSolrCall [admin] webapp=null path=/admin/info/system params={wt=json&_=1680080608875} status=0 QTime=7
2023-03-29 09:03:35.988 INFO  (qtp1455695758-25) [] o.a.s.s.HttpSolrCall [admin] webapp=null path=/admin/cores params={indexInfo=false&wt=json&_=1680080608875} status=0 QTime=11
2023-03-29 09:03:35.989 INFO  (qtp1455695758-19) [] o.a.s.s.HttpSolrCall [admin] webapp=null path=/admin/info/system params={wt=json&_=1680080608875} status=0 QTime=9
2023-03-29 09:03:35.990 INFO  (qtp1455695758-18) [ x:new_core] o.a.s.c.S.Request webapp=/solr path=/admin/luke params={numTerms=0&show=index&wt=json&_=1680080615968} status=0 QTime=7
2023-03-29 09:03:36.014 INFO  (qtp1455695758-41) [ x:new_core] o.a.s.c.S.Request webapp=/solr path=/admin/ping params={action=status&wt=json&_=1680080608875&ts=1680080608875} status=503 QTime=17
2023-03-29 09:03:36.020 INFO  (qtp1455695758-26) [ x:new_core] o.a.s.c.S.Request webapp=/solr path=/admin/system params={wt=json&_=1680080615968} status=0 QTime=16
2023-03-29 09:03:36.026 INFO  (qtp1455695758-17) [ x:new_core] o.a.s.c.S.Request webapp=/solr path=/replication params={wt=json&command=details&_=1680080615968} status=0 QTime=21
